TN:
SF:tests/utils/validator.js
FN:7,(anonymous_0)
FN:24,(anonymous_1)
FN:39,(anonymous_2)
FN:52,(anonymous_3)
FNF:4
FNH:4
FNDA:5,(anonymous_0)
FNDA:3,(anonymous_1)
FNDA:5,(anonymous_2)
FNDA:3,(anonymous_3)
DA:7,1
DA:8,5
DA:9,2
DA:12,3
DA:13,1
DA:16,2
DA:17,1
DA:20,1
DA:24,1
DA:25,3
DA:26,1
DA:30,2
DA:31,2
DA:32,1
DA:35,1
DA:39,1
DA:40,5
DA:41,2
DA:44,3
DA:45,1
DA:48,2
DA:52,1
DA:53,3
DA:54,1
DA:57,2
DA:58,2
DA:59,1
DA:62,1
DA:65,1
LF:29
LH:29
BRDA:8,0,0,2
BRDA:8,0,1,3
BRDA:8,1,0,5
BRDA:8,1,1,3
BRDA:12,2,0,1
BRDA:12,2,1,2
BRDA:16,3,0,1
BRDA:16,3,1,1
BRDA:25,4,0,1
BRDA:25,4,1,2
BRDA:31,5,0,1
BRDA:31,5,1,1
BRDA:40,6,0,2
BRDA:40,6,1,3
BRDA:44,7,0,1
BRDA:44,7,1,2
BRDA:53,8,0,1
BRDA:53,8,1,2
BRDA:58,9,0,1
BRDA:58,9,1,1
BRF:20
BRH:20
end_of_record
